c:\users\israel\documents\github\6.837\starter4\build\a4.dir\debug\vc141.pdb
c:\users\israel\documents\github\6.837\starter4\build\a4.dir\debug\vecutils.obj
c:\users\israel\documents\github\6.837\starter4\build\a4.dir\debug\sceneparser.obj
c:\users\israel\documents\github\6.837\starter4\build\a4.dir\debug\renderer.obj
c:\users\israel\documents\github\6.837\starter4\build\a4.dir\debug\octree.obj
c:\users\israel\documents\github\6.837\starter4\build\a4.dir\debug\object3d.obj
c:\users\israel\documents\github\6.837\starter4\build\a4.dir\debug\mesh.obj
c:\users\israel\documents\github\6.837\starter4\build\a4.dir\debug\material.obj
c:\users\israel\documents\github\6.837\starter4\build\a4.dir\debug\light.obj
c:\users\israel\documents\github\6.837\starter4\build\a4.dir\debug\image.obj
c:\users\israel\documents\github\6.837\starter4\build\a4.dir\debug\cubemap.obj
c:\users\israel\documents\github\6.837\starter4\build\a4.dir\debug\camera.obj
c:\users\israel\documents\github\6.837\starter4\build\a4.dir\debug\argparser.obj
c:\users\israel\documents\github\6.837\starter4\build\a4.dir\debug\stb.obj
c:\users\israel\documents\github\6.837\starter4\build\a4.dir\debug\main.obj
c:\users\israel\documents\github\6.837\starter4\build\cmakefiles\generate.stamp
c:\users\israel\documents\github\6.837\starter4\build\debug\a4.ilk
c:\users\israel\documents\github\6.837\starter4\build\debug\a4.exe
c:\users\israel\documents\github\6.837\starter4\build\debug\a4.pdb
c:\users\israel\documents\github\6.837\starter4\build\a4.dir\debug\a4.tlog\cl.command.1.tlog
c:\users\israel\documents\github\6.837\starter4\build\a4.dir\debug\a4.tlog\cl.read.1.tlog
c:\users\israel\documents\github\6.837\starter4\build\a4.dir\debug\a4.tlog\cl.write.1.tlog
c:\users\israel\documents\github\6.837\starter4\build\a4.dir\debug\a4.tlog\custombuild.command.1.tlog
c:\users\israel\documents\github\6.837\starter4\build\a4.dir\debug\a4.tlog\custombuild.read.1.tlog
c:\users\israel\documents\github\6.837\starter4\build\a4.dir\debug\a4.tlog\custombuild.write.1.tlog
c:\users\israel\documents\github\6.837\starter4\build\a4.dir\debug\a4.tlog\link.command.1.tlog
c:\users\israel\documents\github\6.837\starter4\build\a4.dir\debug\a4.tlog\link.read.1.tlog
c:\users\israel\documents\github\6.837\starter4\build\a4.dir\debug\a4.tlog\link.write.1.tlog
