c:\users\israel\github\6.837\starter5\starter5\build\a5.dir\debug\vc141.pdb
c:\users\israel\github\6.837\starter5\starter5\build\a5.dir\debug\glew.obj
c:\users\israel\github\6.837\starter5\starter5\build\a5.dir\debug\renderer.obj
c:\users\israel\github\6.837\starter5\starter5\build\a5.dir\debug\stb.obj
c:\users\israel\github\6.837\starter5\starter5\build\a5.dir\debug\objparser.obj
c:\users\israel\github\6.837\starter5\starter5\build\a5.dir\debug\vertexrecorder.obj
c:\users\israel\github\6.837\starter5\starter5\build\a5.dir\debug\camera.obj
c:\users\israel\github\6.837\starter5\starter5\build\a5.dir\debug\starter5_util.obj
c:\users\israel\github\6.837\starter5\starter5\build\a5.dir\debug\main.obj
c:\users\israel\github\6.837\starter5\starter5\build\a5.dir\debug\lodepng.obj
c:\users\israel\github\6.837\starter5\starter5\build\cmakefiles\generate.stamp
c:\users\israel\github\6.837\starter5\starter5\build\debug\a5.ilk
c:\users\israel\github\6.837\starter5\starter5\build\debug\a5.exe
c:\users\israel\github\6.837\starter5\starter5\build\debug\a5.pdb
c:\users\israel\github\6.837\starter5\starter5\build\a5.dir\debug\a5.tlog\cl.command.1.tlog
c:\users\israel\github\6.837\starter5\starter5\build\a5.dir\debug\a5.tlog\cl.read.1.tlog
c:\users\israel\github\6.837\starter5\starter5\build\a5.dir\debug\a5.tlog\cl.write.1.tlog
c:\users\israel\github\6.837\starter5\starter5\build\a5.dir\debug\a5.tlog\custombuild.command.1.tlog
c:\users\israel\github\6.837\starter5\starter5\build\a5.dir\debug\a5.tlog\custombuild.read.1.tlog
c:\users\israel\github\6.837\starter5\starter5\build\a5.dir\debug\a5.tlog\custombuild.write.1.tlog
c:\users\israel\github\6.837\starter5\starter5\build\a5.dir\debug\a5.tlog\link.command.1.tlog
c:\users\israel\github\6.837\starter5\starter5\build\a5.dir\debug\a5.tlog\link.read.1.tlog
c:\users\israel\github\6.837\starter5\starter5\build\a5.dir\debug\a5.tlog\link.write.1.tlog
